# JRE version: OpenJDK Runtime Environment (8.0_242-b01) (build 1.8.0_242-release-1644-b01)
# Java VM: OpenJDK 64-Bit Server VM (25.242-b01 mixed mode windows-amd64 compressed oops)
Heap:
 PSYoungGen      total 546816K, used 447366K [0x00000000d5580000, 0x00000000fed00000, 0x0000000100000000)
  eden space 413184K, 95% used [0x00000000d5580000,0x00000000ed7d0998,0x00000000ee900000)
  from space 133632K, 38% used [0x00000000ee900000,0x00000000f1b91220,0x00000000f6b80000)
  to   space 125440K, 0% used [0x00000000f7280000,0x00000000f7280000,0x00000000fed00000)
 ParOldGen       total 411136K, used 204221K [0x0000000080000000, 0x0000000099180000, 0x00000000d5580000)
  object space 411136K, 49% used [0x0000000080000000,0x000000008c76f788,0x0000000099180000)
 Metaspace       used 144757K, capacity 152286K, committed 152600K, reserved 1183744K
  class space    used 17846K, capacity 19205K, committed 19248K, reserved 1048576K
GC Heap History (10 events):
Event: 2028.223 GC heap before
{Heap before GC invocations=40 (full 5):
 PSYoungGen      total 548352K, used 431556K [0x00000000d5580000, 0x0000000100000000, 0x0000000100000000)
  eden space 395776K, 100% used [0x00000000d5580000,0x00000000ed800000,0x00000000ed800000)
  from space 152576K, 23% used [0x00000000f6b00000,0x00000000f8df11b8,0x0000000100000000)
  to   space 150528K, 0% used [0x00000000ed800000,0x00000000ed800000,0x00000000f6b00000)
 ParOldGen       total 411136K, used 204181K [0x0000000080000000, 0x0000000099180000, 0x00000000d5580000)
  object space 411136K, 49% used [0x0000000080000000,0x000000008c765788,0x0000000099180000)
 Metaspace       used 130402K, capacity 137122K, committed 137368K, reserved 1169408K
  class space    used 16231K, capacity 17467K, committed 17584K, reserved 1048576K
Event: 2028.253 GC heap after
Heap after GC invocations=40 (full 5):
 PSYoungGen      total 422912K, used 26983K [0x00000000d5580000, 0x00000000ff700000, 0x0000000100000000)
  eden space 395776K, 0% used [0x00000000d5580000,0x00000000d5580000,0x00000000ed800000)
  from space 27136K, 99% used [0x00000000ed800000,0x00000000ef259d40,0x00000000ef280000)
  to   space 146944K, 0% used [0x00000000f6780000,0x00000000f6780000,0x00000000ff700000)
 ParOldGen       total 411136K, used 204189K [0x0000000080000000, 0x0000000099180000, 0x00000000d5580000)
  object space 411136K, 49% used [0x0000000080000000,0x000000008c767788,0x0000000099180000)
 Metaspace       used 130402K, capacity 137122K, committed 137368K, reserved 1169408K
  class space    used 16231K, capacity 17467K, committed 17584K, reserved 1048576K
}
Event: 2030.572 GC heap before
{Heap before GC invocations=41 (full 5):
 PSYoungGen      total 422912K, used 422759K [0x00000000d5580000, 0x00000000ff700000, 0x0000000100000000)
  eden space 395776K, 100% used [0x00000000d5580000,0x00000000ed800000,0x00000000ed800000)
  from space 27136K, 99% used [0x00000000ed800000,0x00000000ef259d40,0x00000000ef280000)
  to   space 146944K, 0% used [0x00000000f6780000,0x00000000f6780000,0x00000000ff700000)
 ParOldGen       total 411136K, used 204189K [0x0000000080000000, 0x0000000099180000, 0x00000000d5580000)
  object space 411136K, 49% used [0x0000000080000000,0x000000008c767788,0x0000000099180000)
 Metaspace       used 132622K, capacity 139794K, committed 139928K, reserved 1171456K
  class space    used 16491K, capacity 17789K, committed 17840K, reserved 1048576K
Event: 2030.602 GC heap after
Heap after GC invocations=41 (full 5):
 PSYoungGen      total 547840K, used 67327K [0x00000000d5580000, 0x0000000100000000, 0x0000000100000000)
  eden space 400896K, 0% used [0x00000000d5580000,0x00000000d5580000,0x00000000edd00000)
  from space 146944K, 45% used [0x00000000f6780000,0x00000000fa93ff80,0x00000000ff700000)
  to   space 141824K, 0% used [0x00000000edd00000,0x00000000edd00000,0x00000000f6780000)
 ParOldGen       total 411136K, used 204197K [0x0000000080000000, 0x0000000099180000, 0x00000000d5580000)
  object space 411136K, 49% used [0x0000000080000000,0x000000008c769788,0x0000000099180000)
 Metaspace       used 132622K, capacity 139794K, committed 139928K, reserved 1171456K
  class space    used 16491K, capacity 17789K, committed 17840K, reserved 1048576K
}
Event: 2064.176 GC heap before
{Heap before GC invocations=42 (full 5):
 PSYoungGen      total 547840K, used 468223K [0x00000000d5580000, 0x0000000100000000, 0x0000000100000000)
  eden space 400896K, 100% used [0x00000000d5580000,0x00000000edd00000,0x00000000edd00000)
  from space 146944K, 45% used [0x00000000f6780000,0x00000000fa93ff80,0x00000000ff700000)
  to   space 141824K, 0% used [0x00000000edd00000,0x00000000edd00000,0x00000000f6780000)
 ParOldGen       total 411136K, used 204197K [0x0000000080000000, 0x0000000099180000, 0x00000000d5580000)
  object space 411136K, 49% used [0x0000000080000000,0x000000008c769788,0x0000000099180000)
 Metaspace       used 137685K, capacity 145138K, committed 145432K, reserved 1175552K
  class space    used 17091K, capacity 18435K, committed 18480K, reserved 1048576K
Event: 2064.204 GC heap after
Heap after GC invocations=42 (full 5):
 PSYoungGen      total 542720K, used 38306K [0x00000000d5580000, 0x00000000ff100000, 0x0000000100000000)
  eden space 400896K, 0% used [0x00000000d5580000,0x00000000d5580000,0x00000000edd00000)
  from space 141824K, 27% used [0x00000000edd00000,0x00000000f0268828,0x00000000f6780000)
  to   space 136704K, 0% used [0x00000000f6b80000,0x00000000f6b80000,0x00000000ff100000)
 ParOldGen       total 411136K, used 204205K [0x0000000080000000, 0x0000000099180000, 0x00000000d5580000)
  object space 411136K, 49% used [0x0000000080000000,0x000000008c76b788,0x0000000099180000)
 Metaspace       used 137685K, capacity 145138K, committed 145432K, reserved 1175552K
  class space    used 17091K, capacity 18435K, committed 18480K, reserved 1048576K
}
Event: 2131.932 GC heap before
{Heap before GC invocations=43 (full 5):
 PSYoungGen      total 542720K, used 439202K [0x00000000d5580000, 0x00000000ff100000, 0x0000000100000000)
  eden space 400896K, 100% used [0x00000000d5580000,0x00000000edd00000,0x00000000edd00000)
  from space 141824K, 27% used [0x00000000edd00000,0x00000000f0268828,0x00000000f6780000)
  to   space 136704K, 0% used [0x00000000f6b80000,0x00000000f6b80000,0x00000000ff100000)
 ParOldGen       total 411136K, used 204205K [0x0000000080000000, 0x0000000099180000, 0x00000000d5580000)
  object space 411136K, 49% used [0x0000000080000000,0x000000008c76b788,0x0000000099180000)
 Metaspace       used 137814K, capacity 145330K, committed 145432K, reserved 1175552K
  class space    used 17091K, capacity 18435K, committed 18480K, reserved 1048576K
Event: 2131.951 GC heap after
Heap after GC invocations=43 (full 5):
 PSYoungGen      total 549888K, used 28372K [0x00000000d5580000, 0x00000000ff500000, 0x0000000100000000)
  eden space 413184K, 0% used [0x00000000d5580000,0x00000000d5580000,0x00000000ee900000)
  from space 136704K, 20% used [0x00000000f6b80000,0x00000000f8735180,0x00000000ff100000)
  to   space 133632K, 0% used [0x00000000ee900000,0x00000000ee900000,0x00000000f6b80000)
 ParOldGen       total 411136K, used 204213K [0x0000000080000000, 0x0000000099180000, 0x00000000d5580000)
  object space 411136K, 49% used [0x0000000080000000,0x000000008c76d788,0x0000000099180000)
 Metaspace       used 137814K, capacity 145330K, committed 145432K, reserved 1175552K
  class space    used 17091K, capacity 18435K, committed 18480K, reserved 1048576K
}
Event: 2134.462 GC heap before
{Heap before GC invocations=44 (full 5):
 PSYoungGen      total 549888K, used 441556K [0x00000000d5580000, 0x00000000ff500000, 0x0000000100000000)
  eden space 413184K, 100% used [0x00000000d5580000,0x00000000ee900000,0x00000000ee900000)
  from space 136704K, 20% used [0x00000000f6b80000,0x00000000f8735180,0x00000000ff100000)
  to   space 133632K, 0% used [0x00000000ee900000,0x00000000ee900000,0x00000000f6b80000)
 ParOldGen       total 411136K, used 204213K [0x0000000080000000, 0x0000000099180000, 0x00000000d5580000)
  object space 411136K, 49% used [0x0000000080000000,0x000000008c76d788,0x0000000099180000)
 Metaspace       used 139657K, capacity 147154K, committed 147480K, reserved 1177600K
  class space    used 17271K, capacity 18637K, committed 18736K, reserved 1048576K
Event: 2134.495 GC heap after
Heap after GC invocations=44 (full 5):
 PSYoungGen      total 546816K, used 51780K [0x00000000d5580000, 0x00000000fed00000, 0x0000000100000000)
  eden space 413184K, 0% used [0x00000000d5580000,0x00000000d5580000,0x00000000ee900000)
  from space 133632K, 38% used [0x00000000ee900000,0x00000000f1b91220,0x00000000f6b80000)
  to   space 125440K, 0% used [0x00000000f7280000,0x00000000f7280000,0x00000000fed00000)
 ParOldGen       total 411136K, used 204221K [0x0000000080000000, 0x0000000099180000, 0x00000000d5580000)
  object space 411136K, 49% used [0x0000000080000000,0x000000008c76f788,0x0000000099180000)
 Metaspace       used 139657K, capacity 147154K, committed 147480K, reserved 1177600K
  class space    used 17271K, capacity 18637K, committed 18736K, reserved 1048576K
}

